{"uuid":"d41c8b7c-ff08-4333-9d79-f8f3a383c3c6","historyId":"100b3ff7fc474c1ec1b38a4e61b618e1","testCaseId":"2c361c66e48a419eead7eee0861d40b3","fullName":"src/test/Features/login.feature:3","labels":[{"name":"host","value":"DESKTOP-2SFN0U6"},{"name":"thread","value":"716@DESKTOP-2SFN0U6.main(1)"},{"name":"feature","value":"Feature to test login functionality"},{"name":"story","value":"Check login is successful with valid credentials from CSV file"},{"name":"suite","value":"Feature to test login functionality"},{"name":"testClass","value":"Check login is successful with valid credentials from CSV file"},{"name":"framework","value":"cucumber4jvm"},{"name":"language","value":"java"},{"name":"gherkin_uri","value":"file:///F:/University%20Tasks/FAST-BSE-5B/SQE/Project%20Phase%20-1/UI_test_Automation_Framework_Selenium/src/test/Features/login.feature"},{"name":"package","value":"src.test.Features.login_feature.Feature to test login functionality"}],"links":[],"name":"Check login is successful with valid credentials from CSV file","status":"failed","statusDetails":{"known":false,"muted":false,"flaky":false,"message":"User is still on login page, login failed. Actual: https://www.khazanay.pk/account/login","trace":"java.lang.AssertionError: User is still on login page, login failed. Actual: https://www.khazanay.pk/account/login\r\n\tat org.junit.Assert.fail(Assert.java:89)\r\n\tat org.junit.Assert.failEquals(Assert.java:187)\r\n\tat org.junit.Assert.assertNotEquals(Assert.java:163)\r\n\tat stepDefinition.LoginSteps.user_is_navigated_to_home_page(LoginSteps.java:64)\r\n\tat stepDefinition.LoginSteps.user_enters_username_and_password_from_csv(LoginSteps.java:52)\r\n\tat ✽.user enters username and password from CSV(file:///F:/University%20Tasks/FAST-BSE-5B/SQE/Project%20Phase%20-1/UI_test_Automation_Framework_Selenium/src/test/Features/login.feature:5)\r\n"},"stage":"finished","steps":[{"name":"Given User is on login page","status":"passed","statusDetails":{"known":false,"muted":false,"flaky":false},"stage":"finished","steps":[],"attachments":[],"parameters":[],"start":1729275161901,"stop":1729275168071},{"name":"When user enters username and password from CSV","status":"failed","statusDetails":{"known":false,"muted":false,"flaky":false,"message":"User is still on login page, login failed. Actual: https://www.khazanay.pk/account/login","trace":"java.lang.AssertionError: User is still on login page, login failed. Actual: https://www.khazanay.pk/account/login\r\n\tat org.junit.Assert.fail(Assert.java:89)\r\n\tat org.junit.Assert.failEquals(Assert.java:187)\r\n\tat org.junit.Assert.assertNotEquals(Assert.java:163)\r\n\tat stepDefinition.LoginSteps.user_is_navigated_to_home_page(LoginSteps.java:64)\r\n\tat stepDefinition.LoginSteps.user_enters_username_and_password_from_csv(LoginSteps.java:52)\r\n\tat ✽.user enters username and password from CSV(file:///F:/University%20Tasks/FAST-BSE-5B/SQE/Project%20Phase%20-1/UI_test_Automation_Framework_Selenium/src/test/Features/login.feature:5)\r\n"},"stage":"finished","steps":[],"attachments":[],"parameters":[],"start":1729275168072,"stop":1729275168612},{"name":"And click on login button","status":"skipped","statusDetails":{"known":false,"muted":false,"flaky":false},"stage":"finished","steps":[],"attachments":[],"parameters":[],"start":1729275168614,"stop":1729275168616},{"name":"Then User is navigated to home page","status":"skipped","statusDetails":{"known":false,"muted":false,"flaky":false},"stage":"finished","steps":[],"attachments":[],"parameters":[],"start":1729275168616,"stop":1729275168617}],"attachments":[],"parameters":[],"start":1729275158474,"stop":1729275169410}